Arguments: 
  /Users/user/.nvm/versions/node/v14.18.3/bin/node /usr/local/Cellar/yarn/1.22.17/libexec/bin/yarn.js add dotenv

PATH: 
  /usr/local/bin:/usr/bin:/bin:/usr/sbin:/sbin

Yarn version: 
  1.22.17

Node version: 
  14.18.3

Platform: 
  darwin x64

Trace: 
  Error: getaddrinfo ENOTFOUND registry.yarnpkg.com
      at GetAddrInfoReqWrap.onlookup [as oncomplete] (dns.js:71:26)

npm manifest: 
  {
  	"name": "ip-address-tracker-master",
  	"version": "1.0.0",
  	"description": "![Design preview for the IP address tracker coding challenge](./design/desktop-preview.jpg)",
  	"main": "index.js",
  	"scripts": {
  		"test": "echo \"Error: no test specified\" && exit 1"
  	},
  	"repository": {
  		"type": "git",
  		"url": "git+https://github.com/abu-hasib/iptrack.git"
  	},
  	"author": "ridwan abiola",
  	"license": "ISC",
  	"bugs": {
  		"url": "https://github.com/abu-hasib/iptrack/issues"
  	},
  	"homepage": "https://github.com/abu-hasib/iptrack#readme"
  }

yarn manifest: 
  No manifest

Lockfile: 
  No lockfile
